TN:
SF:src/services/calendarService.ts
FN:6,(anonymous_0)
FN:9,(anonymous_1)
FN:10,(anonymous_2)
FN:20,(anonymous_3)
FN:39,(anonymous_4)
FN:47,(anonymous_5)
FN:54,(anonymous_6)
FN:61,(anonymous_7)
FN:65,(anonymous_8)
FNF:9
FNH:9
FNDA:2,(anonymous_0)
FNDA:12,(anonymous_1)
FNDA:84,(anonymous_2)
FNDA:84,(anonymous_3)
FNDA:84,(anonymous_4)
FNDA:2,(anonymous_5)
FNDA:2,(anonymous_6)
FNDA:2,(anonymous_7)
FNDA:2,(anonymous_8)
DA:7,2
DA:9,2
DA:10,84
DA:13,2
DA:21,84
DA:22,84
DA:24,84
DA:40,84
DA:48,2
DA:49,1
DA:51,1
DA:55,2
DA:56,1
DA:58,1
DA:62,2
DA:66,2
DA:70,2
DA:74,1
LF:18
LH:18
BRDA:22,0,0,84
BRDA:22,0,1,83
BRDA:41,1,0,84
BRDA:41,1,1,4
BRDA:41,1,2,2
BRDA:48,2,0,1
BRDA:48,2,1,1
BRDA:55,3,0,1
BRDA:55,3,1,1
BRF:9
BRH:9
end_of_record
TN:
SF:src/services/storage.ts
FN:6,(anonymous_0)
FN:22,(anonymous_1)
FN:38,(anonymous_2)
FN:42,(anonymous_3)
FN:58,(anonymous_4)
FN:75,(anonymous_5)
FN:86,(anonymous_6)
FN:90,(anonymous_7)
FN:92,(anonymous_8)
FN:93,(anonymous_9)
FN:100,(anonymous_10)
FN:101,(anonymous_11)
FN:113,(anonymous_12)
FN:124,(anonymous_13)
FN:128,(anonymous_14)
FN:131,(anonymous_15)
FN:132,(anonymous_16)
FN:135,(anonymous_17)
FN:136,(anonymous_18)
FN:145,(anonymous_19)
FN:156,(anonymous_20)
FNF:21
FNH:21
FNDA:6,(anonymous_0)
FNDA:2,(anonymous_1)
FNDA:20,(anonymous_2)
FNDA:4,(anonymous_3)
FNDA:4,(anonymous_4)
FNDA:2,(anonymous_5)
FNDA:7,(anonymous_6)
FNDA:2,(anonymous_7)
FNDA:2,(anonymous_8)
FNDA:2,(anonymous_9)
FNDA:1,(anonymous_10)
FNDA:1,(anonymous_11)
FNDA:3,(anonymous_12)
FNDA:1,(anonymous_13)
FNDA:4,(anonymous_14)
FNDA:2,(anonymous_15)
FNDA:2,(anonymous_16)
FNDA:1,(anonymous_17)
FNDA:1,(anonymous_18)
FNDA:3,(anonymous_19)
FNDA:1,(anonymous_20)
DA:1,1
DA:2,1
DA:3,1
DA:6,1
DA:7,6
DA:8,6
DA:10,6
DA:11,3
DA:12,3
DA:13,1
DA:14,2
DA:15,1
DA:16,1
DA:19,1
DA:22,2
DA:39,20
DA:43,4
DA:44,4
DA:45,3
DA:48,3
DA:50,2
DA:51,1
DA:53,1
DA:54,1
DA:59,4
DA:60,4
DA:61,4
DA:64,4
DA:65,4
DA:71,1
DA:76,2
DA:77,2
DA:78,2
DA:79,2
DA:80,1
DA:82,1
DA:87,7
DA:91,2
DA:92,2
DA:93,2
DA:94,2
DA:99,2
DA:100,2
DA:101,1
DA:110,2
DA:114,3
DA:124,1
DA:129,4
DA:132,2
DA:133,2
DA:136,1
DA:140,1
DA:146,3
DA:156,1
DA:161,1
LF:55
LH:55
BRDA:10,0,0,3
BRDA:10,0,1,3
BRDA:12,1,0,1
BRDA:12,1,1,2
BRDA:14,2,0,1
BRDA:14,2,1,1
BRDA:15,3,0,1
BRDA:15,3,1,0
BRDA:39,4,0,20
BRDA:39,4,1,6
BRDA:50,5,0,1
BRDA:50,5,1,1
BRDA:91,6,0,2
BRDA:91,6,1,0
BRDA:99,7,0,2
BRDA:99,7,1,0
BRDA:118,8,0,0
BRDA:118,8,1,3
BRDA:119,9,0,0
BRDA:119,9,1,3
BRDA:120,10,0,0
BRDA:120,10,1,3
BRDA:122,11,0,0
BRDA:122,11,1,0
BRDA:124,12,0,3
BRDA:124,12,1,0
BRDA:150,13,0,0
BRDA:150,13,1,3
BRDA:151,14,0,0
BRDA:151,14,1,3
BRDA:152,15,0,0
BRDA:152,15,1,3
BRDA:154,16,0,0
BRDA:154,16,1,0
BRDA:156,17,0,3
BRDA:156,17,1,0
BRF:36
BRH:21
end_of_record
TN:
SF:src/services/taskService.ts
FN:15,(anonymous_0)
FN:35,(anonymous_1)
FN:38,(anonymous_2)
FN:73,(anonymous_3)
FN:76,(anonymous_4)
FN:91,(anonymous_5)
FN:94,(anonymous_6)
FN:102,(anonymous_7)
FN:119,(anonymous_8)
FN:130,(anonymous_9)
FN:139,(anonymous_10)
FN:143,(anonymous_11)
FN:147,(anonymous_12)
FN:151,(anonymous_13)
FN:154,(anonymous_14)
FN:155,(anonymous_15)
FN:164,(anonymous_16)
FNF:17
FNH:17
FNDA:4,(anonymous_0)
FNDA:11,(anonymous_1)
FNDA:11,(anonymous_2)
FNDA:3,(anonymous_3)
FNDA:3,(anonymous_4)
FNDA:2,(anonymous_5)
FNDA:2,(anonymous_6)
FNDA:1,(anonymous_7)
FNDA:6,(anonymous_8)
FNDA:1,(anonymous_9)
FNDA:3,(anonymous_10)
FNDA:1,(anonymous_11)
FNDA:1,(anonymous_12)
FNDA:4,(anonymous_13)
FNDA:4,(anonymous_14)
FNDA:4,(anonymous_15)
FNDA:4,(anonymous_16)
DA:16,4
DA:17,4
DA:18,2
DA:21,2
DA:23,2
DA:24,2
DA:36,11
DA:38,11
DA:42,11
DA:43,1
DA:46,10
DA:47,2
DA:48,2
DA:49,1
DA:53,9
DA:54,7
DA:55,7
DA:56,7
DA:57,7
DA:58,7
DA:59,1
DA:64,8
DA:74,3
DA:76,3
DA:80,3
DA:81,2
DA:82,2
DA:85,1
DA:92,2
DA:94,2
DA:96,2
DA:97,1
DA:100,1
DA:102,1
DA:106,1
DA:107,0
DA:110,1
DA:120,6
DA:122,6
DA:132,1
DA:140,3
DA:144,1
DA:148,1
DA:152,4
DA:154,4
DA:155,4
DA:158,4
DA:159,1
DA:162,3
DA:165,4
DA:166,3
DA:167,3
DA:169,2
DA:170,3
DA:171,2
DA:181,1
DA:187,1
LF:57
LH:56
BRDA:15,0,0,4
BRDA:17,1,0,2
BRDA:17,1,1,2
BRDA:42,2,0,1
BRDA:42,2,1,10
BRDA:46,3,0,2
BRDA:46,3,1,8
BRDA:48,4,0,1
BRDA:48,4,1,1
BRDA:53,5,0,7
BRDA:53,5,1,2
BRDA:53,6,0,9
BRDA:53,6,1,7
BRDA:55,7,0,7
BRDA:55,7,1,0
BRDA:58,8,0,1
BRDA:58,8,1,6
BRDA:80,9,0,2
BRDA:80,9,1,1
BRDA:96,10,0,1
BRDA:96,10,1,1
BRDA:106,11,0,0
BRDA:106,11,1,1
BRDA:124,12,0,5
BRDA:124,12,1,1
BRDA:133,13,0,1
BRDA:133,13,1,1
BRDA:140,14,0,3
BRDA:140,14,1,1
BRDA:158,15,0,1
BRDA:158,15,1,3
BRDA:165,16,0,3
BRDA:165,16,1,1
BRDA:167,17,0,1
BRDA:167,17,1,2
BRDA:169,18,0,2
BRDA:169,18,1,0
BRDA:170,19,0,2
BRDA:170,19,1,1
BRF:39
BRH:36
end_of_record
TN:
SF:src/services/timelineService.ts
FN:7,(anonymous_0)
FN:26,(anonymous_1)
FN:30,(anonymous_2)
FN:43,(anonymous_3)
FN:50,(anonymous_4)
FN:60,(anonymous_5)
FN:75,(anonymous_6)
FN:76,(anonymous_7)
FN:80,(anonymous_8)
FN:96,(anonymous_9)
FNF:10
FNH:10
FNDA:2,(anonymous_0)
FNDA:2,(anonymous_1)
FNDA:2,(anonymous_2)
FNDA:2,(anonymous_3)
FNDA:4,(anonymous_4)
FNDA:2,(anonymous_5)
FNDA:4,(anonymous_6)
FNDA:4,(anonymous_7)
FNDA:3,(anonymous_8)
FNDA:2,(anonymous_9)
DA:15,2
DA:27,2
DA:34,2
DA:36,2
DA:47,2
DA:49,2
DA:50,4
DA:51,3
DA:52,2
DA:56,2
DA:65,2
DA:66,2
DA:69,2
DA:71,2
DA:72,4
DA:73,4
DA:75,4
DA:76,4
DA:79,3
DA:80,3
DA:81,2
DA:82,1
DA:84,2
DA:86,1
DA:89,1
DA:93,2
DA:97,2
DA:103,2
DA:107,2
DA:111,1
LF:30
LH:30
BRDA:11,0,0,2
BRDA:27,1,0,2
BRDA:27,1,1,1
BRDA:38,2,0,2
BRDA:38,2,1,1
BRDA:51,3,0,2
BRDA:51,3,1,1
BRDA:73,4,0,3
BRDA:73,4,1,1
BRDA:76,5,0,4
BRDA:76,5,1,4
BRDA:79,6,0,2
BRDA:79,6,1,1
BRDA:81,7,0,1
BRDA:81,7,1,1
BRDA:103,8,0,1
BRDA:103,8,1,1
BRF:17
BRH:17
end_of_record
TN:
SF:src/types/timeline.ts
FN:3,(anonymous_0)
FNF:1
FNH:1
FNDA:1,(anonymous_0)
DA:3,1
DA:4,1
DA:5,1
DA:6,1
DA:7,1
DA:8,1
DA:9,1
LF:7
LH:7
BRDA:3,0,0,1
BRDA:3,0,1,1
BRF:2
BRH:2
end_of_record
TN:
SF:src/utils/date.ts
FN:3,(anonymous_0)
FN:7,(anonymous_1)
FN:11,(anonymous_2)
FN:15,(anonymous_3)
FN:20,(anonymous_4)
FN:36,(anonymous_5)
FN:45,(anonymous_6)
FNF:7
FNH:7
FNDA:5,(anonymous_0)
FNDA:8,(anonymous_1)
FNDA:89,(anonymous_2)
FNDA:5,(anonymous_3)
FNDA:7,(anonymous_4)
FNDA:88,(anonymous_5)
FNDA:4,(anonymous_6)
DA:3,3
DA:4,5
DA:7,3
DA:8,8
DA:11,3
DA:12,89
DA:15,3
DA:16,5
DA:17,5
DA:20,3
DA:21,7
DA:22,7
DA:23,7
DA:24,7
DA:26,7
DA:27,7
DA:29,7
DA:30,37
DA:33,7
DA:36,3
DA:37,88
DA:38,88
DA:45,3
DA:46,4
LF:24
LH:24
BRDA:3,0,0,5
BRDA:7,1,0,8
BRDA:8,2,0,4
BRDA:8,2,1,4
BRDA:39,3,0,88
BRDA:39,3,1,6
BRDA:39,3,2,3
BRDA:47,4,0,4
BRDA:47,4,1,3
BRDA:47,4,2,2
BRF:10
BRH:10
end_of_record
TN:
SF:src/utils/logger.ts
FN:8,(anonymous_0)
FN:13,(anonymous_1)
FN:24,(anonymous_2)
FN:35,(anonymous_3)
FN:54,(anonymous_4)
FN:58,(anonymous_5)
FN:63,(anonymous_6)
FNF:7
FNH:4
FNDA:2,(anonymous_0)
FNDA:11,(anonymous_1)
FNDA:48,(anonymous_2)
FNDA:3,(anonymous_3)
FNDA:0,(anonymous_4)
FNDA:0,(anonymous_5)
FNDA:0,(anonymous_6)
DA:6,2
DA:9,2
DA:10,2
DA:15,11
DA:16,1
DA:20,11
DA:21,11
DA:25,48
DA:27,45
DA:28,45
DA:32,48
DA:36,3
DA:38,3
DA:39,2
DA:40,2
DA:44,3
DA:45,2
DA:51,2
DA:54,2
DA:55,0
DA:58,2
DA:59,0
DA:60,0
DA:63,2
DA:64,0
DA:65,0
LF:26
LH:21
BRDA:15,0,0,1
BRDA:15,0,1,10
BRDA:25,1,0,3
BRDA:25,1,1,45
BRDA:28,2,0,32
BRDA:28,2,1,13
BRDA:38,3,0,2
BRDA:38,3,1,1
BRDA:44,4,0,2
BRDA:44,4,1,1
BRF:10
BRH:10
end_of_record
TN:
SF:src/utils/tree.ts
FN:4,(anonymous_0)
FN:13,(anonymous_1)
FN:18,(anonymous_2)
FN:21,(anonymous_3)
FN:45,(anonymous_4)
FN:47,(anonymous_5)
FN:48,(anonymous_6)
FN:54,(anonymous_7)
FN:59,(anonymous_8)
FN:73,(anonymous_9)
FN:76,(anonymous_10)
FN:87,(anonymous_11)
FN:90,(anonymous_12)
FNF:13
FNH:13
FNDA:68,(anonymous_0)
FNDA:21,(anonymous_1)
FNDA:21,(anonymous_2)
FNDA:21,(anonymous_3)
FNDA:16,(anonymous_4)
FNDA:14,(anonymous_5)
FNDA:10,(anonymous_6)
FNDA:11,(anonymous_7)
FNDA:11,(anonymous_8)
FNDA:14,(anonymous_9)
FNDA:48,(anonymous_10)
FNDA:9,(anonymous_11)
FNDA:20,(anonymous_12)
DA:4,2
DA:5,68
DA:6,59
DA:7,25
DA:8,25
DA:10,26
DA:13,2
DA:14,21
DA:18,21
DA:21,21
DA:22,21
DA:23,13
DA:29,13
DA:31,8
DA:37,21
DA:42,21
DA:45,2
DA:46,16
DA:47,14
DA:48,10
DA:54,2
DA:59,11
DA:60,11
DA:61,5
DA:66,6
DA:73,2
DA:74,14
DA:76,14
DA:77,48
DA:78,34
DA:79,34
DA:83,14
DA:84,14
DA:87,2
DA:88,9
DA:89,9
DA:90,20
DA:92,9
LF:38
LH:38
BRDA:6,0,0,34
BRDA:6,0,1,25
BRDA:8,1,0,8
BRDA:8,1,1,17
BRDA:22,2,0,13
BRDA:22,2,1,8
BRDA:60,3,0,5
BRDA:60,3,1,6
BRDA:95,4,0,1
BRDA:95,4,1,8
BRF:10
BRH:10
end_of_record
TN:
SF:src/utils/validation.ts
FN:8,(anonymous_0)
FN:31,(anonymous_1)
FNF:2
FNH:2
FNDA:16,(anonymous_0)
FNDA:13,(anonymous_1)
DA:8,2
DA:9,16
DA:10,6
DA:11,3
DA:18,13
DA:20,4
DA:21,1
DA:28,12
DA:31,2
DA:32,13
DA:33,6
DA:39,7
DA:40,1
DA:46,6
LF:14
LH:14
BRDA:9,0,0,6
BRDA:9,0,1,10
BRDA:9,1,0,16
BRDA:9,1,1,10
BRDA:10,2,0,3
BRDA:10,2,1,3
BRDA:18,3,0,4
BRDA:18,3,1,9
BRDA:18,4,0,13
BRDA:18,4,1,7
BRDA:20,5,0,1
BRDA:20,5,1,3
BRDA:32,6,0,6
BRDA:32,6,1,7
BRDA:32,7,0,13
BRDA:32,7,1,10
BRDA:39,8,0,1
BRDA:39,8,1,6
BRF:18
BRH:18
end_of_record
